<?xml version="1.0" encoding="UTF-8"?>
<!-- Generated by org.testng.reporters.JUnitReportReporter -->
<testsuite skipped="0" hostname="peripavankumar" name="demoes.Facebook_Login" tests="1" failures="0" timestamp="14 Sep 2019 20:15:36 GMT" time="67.179" errors="0">
  <testcase name="test" time="67.179" classname="demoes.Facebook_Login"/>
</testsuite> <!-- demoes.Facebook_Login -->
